<?xml version="1.0" encoding="UTF-8"?>
<!-- Generated by org.testng.reporters.JUnitReportReporter -->
<testsuite hostname="DESKTOP-7G2P719" failures="0" tests="1" name="com.training.sanity.tests.ELTC_050" time="76.876" errors="0" timestamp="06 Jul 2020 03:35:38 GMT" skipped="0">
  <testcase classname="com.training.sanity.tests.ELTC_050" name="AddNewcoursandclass" time="76.876"/>
</testsuite> <!-- com.training.sanity.tests.ELTC_050 -->
