<?xml version="1.0" encoding="UTF-8"?>
<!-- Generated by org.testng.reporters.JUnitReportReporter -->
<testsuite hostname="DESKTOP-7G2P719" failures="0" tests="1" name="com.training.sanity.tests.ELTC_021" time="28.349" errors="0" timestamp="29 Jun 2020 06:09:24 GMT" skipped="0">
  <testcase classname="com.training.sanity.tests.ELTC_021" name="AddNewUserAsTrainer" time="28.349"/>
</testsuite> <!-- com.training.sanity.tests.ELTC_021 -->
