<?xml version="1.0" encoding="UTF-8"?>
<!-- Generated by org.testng.reporters.JUnitReportReporter -->
<testsuite hostname="DESKTOP-7G2P719" failures="0" tests="3" name="com.training.regression.tests.LoginDBTest" time="55.023" errors="0" timestamp="08 Jul 2020 05:05:04 GMT" skipped="0">
  <testcase classname="com.training.regression.tests.LoginDBTest" name="loginDBTest" time="15.776"/>
  <testcase classname="com.training.regression.tests.LoginDBTest" name="loginDBTest" time="21.246"/>
  <testcase classname="com.training.regression.tests.LoginDBTest" name="loginDBTest" time="18.001"/>
</testsuite> <!-- com.training.regression.tests.LoginDBTest -->
