<?xml version="1.0" encoding="UTF-8"?>
<!-- Generated by org.testng.reporters.JUnitReportReporter -->
<testsuite hostname="DESKTOP-7G2P719" failures="0" tests="1" name="com.training.sanity.tests.ELTC_051" time="34.286" errors="0" timestamp="06 Jul 2020 04:46:02 GMT" skipped="0">
  <testcase classname="com.training.sanity.tests.ELTC_051" name="AddNewcoursandclass" time="34.286"/>
</testsuite> <!-- com.training.sanity.tests.ELTC_051 -->
