<?xml version="1.0" encoding="UTF-8"?>
<!-- Generated by org.testng.reporters.JUnitReportReporter -->
<testsuite hostname="DESKTOP-7G2P719" failures="0" tests="1" name="com.training.sanity.tests.LoginTests" time="22.322" errors="0" timestamp="25 Jun 2020 05:48:05 GMT" skipped="0">
  <testcase classname="com.training.sanity.tests.LoginTests" name="validLoginTest" time="22.322"/>
</testsuite> <!-- com.training.sanity.tests.LoginTests -->
