<?xml version="1.0" encoding="UTF-8"?>
<!-- Generated by org.testng.reporters.JUnitReportReporter -->
<testsuite hostname="DESKTOP-7G2P719" failures="0" tests="1" name="com.training.sanity.tests.ELTC_019" time="112.904" errors="0" timestamp="27 Jun 2020 16:59:39 GMT" skipped="0">
  <testcase classname="com.training.sanity.tests.ELTC_019" name="UserDetails" time="112.904"/>
</testsuite> <!-- com.training.sanity.tests.ELTC_019 -->
