<?xml version="1.0" encoding="UTF-8"?>
<!-- Generated by org.testng.reporters.JUnitReportReporter -->
<testsuite hostname="DESKTOP-7G2P719" failures="0" tests="4" name="com.training.sanity.tests.A" time="0.021" errors="0" timestamp="27 Jun 2020 05:22:00 GMT" skipped="0">
  <testcase classname="com.training.sanity.tests.A" name="c" time="0.002"/>
  <testcase classname="com.training.sanity.tests.A" name="b" time="0.002"/>
  <testcase classname="com.training.sanity.tests.A" name="a" time="0.011"/>
  <testcase classname="com.training.sanity.tests.A" name="d" time="0.006"/>
</testsuite> <!-- com.training.sanity.tests.A -->
