<?xml version="1.0" encoding="UTF-8"?>
<!-- Generated by org.testng.reporters.JUnitReportReporter -->
<testsuite hostname="DESKTOP-7G2P719" failures="0" tests="1" name="com.training.sanity.tests.ELTC_049" time="86.310" errors="0" timestamp="02 Jul 2020 06:10:45 GMT" skipped="0">
  <testcase classname="com.training.sanity.tests.ELTC_049" name="AddNewcoursandclass" time="86.310"/>
</testsuite> <!-- com.training.sanity.tests.ELTC_049 -->
