<?xml version="1.0" encoding="UTF-8"?>
<!-- Generated by org.testng.reporters.JUnitReportReporter -->
<testsuite hostname="DESKTOP-7G2P719" failures="0" tests="1" name="com.training.sanity.tests.ELTC_020" time="34.370" errors="0" timestamp="29 Jun 2020 05:34:00 GMT" skipped="0">
  <testcase classname="com.training.sanity.tests.ELTC_020" name="AddNewUserAsTrainer" time="34.370"/>
</testsuite> <!-- com.training.sanity.tests.ELTC_020 -->
